Determining if the LWS_WITH_MBEDTLS exist failed with the following output:
Change Dir: /home/exosphere/Desktop/rust_projects/rust_wordle/ttyd_tools/build/CMakeFiles/CMakeTmp

Run Build Command(s):/usr/bin/make cmTC_4de92/fast && /usr/bin/make -f CMakeFiles/cmTC_4de92.dir/build.make CMakeFiles/cmTC_4de92.dir/build
make[1]: Entering directory '/home/exosphere/Desktop/rust_projects/rust_wordle/ttyd_tools/build/CMakeFiles/CMakeTmp'
Building C object CMakeFiles/cmTC_4de92.dir/CheckSymbolExists.c.o
/usr/bin/cc  -I/usr/include/json-c  -D_GNU_SOURCE    -o CMakeFiles/cmTC_4de92.dir/CheckSymbolExists.c.o   -c /home/exosphere/Desktop/rust_projects/rust_wordle/ttyd_tools/build/CMakeFiles/CMakeTmp/CheckSymbolExists.c
/home/exosphere/Desktop/rust_projects/rust_wordle/ttyd_tools/build/CMakeFiles/CMakeTmp/CheckSymbolExists.c: In function ‘main’:
/home/exosphere/Desktop/rust_projects/rust_wordle/ttyd_tools/build/CMakeFiles/CMakeTmp/CheckSymbolExists.c:8:19: error: ‘LWS_WITH_MBEDTLS’ undeclared (first use in this function); did you mean ‘LWS_WITH_TLS’?
    8 |   return ((int*)(&LWS_WITH_MBEDTLS))[argc];
      |                   ^~~~~~~~~~~~~~~~
      |                   LWS_WITH_TLS
/home/exosphere/Desktop/rust_projects/rust_wordle/ttyd_tools/build/CMakeFiles/CMakeTmp/CheckSymbolExists.c:8:19: note: each undeclared identifier is reported only once for each function it appears in
make[1]: *** [CMakeFiles/cmTC_4de92.dir/build.make:66: CMakeFiles/cmTC_4de92.dir/CheckSymbolExists.c.o] Error 1
make[1]: Leaving directory '/home/exosphere/Desktop/rust_projects/rust_wordle/ttyd_tools/build/CMakeFiles/CMakeTmp'
make: *** [Makefile:121: cmTC_4de92/fast] Error 2


File /home/exosphere/Desktop/rust_projects/rust_wordle/ttyd_tools/build/CMakeFiles/CMakeTmp/CheckSymbolExists.c:
/* */
#include <lws_config.h>

int main(int argc, char** argv)
{
  (void)argv;
#ifndef LWS_WITH_MBEDTLS
  return ((int*)(&LWS_WITH_MBEDTLS))[argc];
#else
  (void)argc;
  return 0;
#endif
}
